Building DAG of jobs...
Using shell: /usr/bin/bash
Provided cores: 15
Rules claiming more threads will be scaled down.
Job stats:
job                count
---------------  -------
all                    1
bio_insights           1
cfrna_deconv           1
conf_factors           1
deconv_analysis        1
gene_markers           1
suppl_files            1
total                  7

Select jobs to execute...

[Thu Jul  4 16:10:55 2024]
rule cfrna_deconv:
    input: cfdata_preprocess_fig2_1.html
    output: bisque_deconv_suppl_file4.html
    jobid: 4
    reason: Missing output files: bisque_deconv_suppl_file4.html
    resources: tmpdir=/tmp

[Thu Jul  4 16:19:03 2024]
Finished job 4.
1 of 7 steps (14%) done
Select jobs to execute...

[Thu Jul  4 16:19:03 2024]
rule gene_markers:
    input: bisque_deconv_suppl_file4.html
    output: ext_markers_fig4_8.html
    jobid: 3
    reason: Input files updated by another job: bisque_deconv_suppl_file4.html
    resources: tmpdir=/tmp

[Thu Jul  4 16:19:52 2024]
Finished job 3.
2 of 7 steps (29%) done
Select jobs to execute...

[Thu Jul  4 16:19:52 2024]
rule deconv_analysis:
    input: ext_markers_fig4_8.html, bisque_deconv_suppl_file4.html
    output: deconv_analysis_fig2_3fig4_2_3_6_9.html
    jobid: 2
    reason: Missing output files: deconv_analysis_fig2_3fig4_2_3_6_9.html; Input files updated by another job: ext_markers_fig4_8.html, bisque_deconv_suppl_file4.html
    resources: tmpdir=/tmp

[Thu Jul  4 16:20:01 2024]
Error in rule deconv_analysis:
    jobid: 2
    input: ext_markers_fig4_8.html, bisque_deconv_suppl_file4.html
    output: deconv_analysis_fig2_3fig4_2_3_6_9.html

RuleException:
CalledProcessError in file /data/fass5/projects/aram/current_projects/phd_tests/Chapter 4/snakemake_pipeline, line 39:
Command 'set -euo pipefail;  Rscript --vanilla -e 'rmarkdown::render("/data/fass5/projects/aram/current_projects/phd_tests/Chapter 4/.snakemake/scripts/tmpn_0654fw.deconv_analysis_fig2_3fig4_2_3_6_9.Rmd", output_file="/data/fass5/projects/aram/current_projects/phd_tests/Chapter 4/deconv_analysis_fig2_3fig4_2_3_6_9.html", quiet=TRUE, knit_root_dir = "/data/fass5/projects/aram/current_projects/phd_tests/Chapter 4", params = list(rmd="/data/fass5/projects/aram/current_projects/phd_tests/Chapter 4/.snakemake/scripts/tmpn_0654fw.deconv_analysis_fig2_3fig4_2_3_6_9.Rmd"))'' returned non-zero exit status 1.
  File "/data/fass5/projects/aram/current_projects/phd_tests/Chapter 4/snakemake_pipeline", line 39, in __rule_deconv_analysis
  File "/home/si48met/miniconda3/envs/cfdeconv_lc/lib/python3.10/concurrent/futures/thread.py", line 58, in run
Shutting down, this might take some time.
Exiting because a job execution failed. Look above for error message
Complete log: .snakemake/log/2024-07-04T161054.145319.snakemake.log
