Building DAG of jobs...
Using shell: /usr/bin/bash
Provided cores: 15
Rules claiming more threads will be scaled down.
Job stats:
job                count
---------------  -------
all                    1
bio_insights           1
conf_factors           1
deconv_analysis        1
suppl_files            1
total                  5

Select jobs to execute...

[Thu Jul  4 17:00:52 2024]
rule deconv_analysis:
    input: ext_markers_fig4_8.html, bisque_deconv_suppl_file4.html
    output: deconv_analysis_fig2_3fig4_2_3_6_9.html
    jobid: 2
    reason: Missing output files: deconv_analysis_fig2_3fig4_2_3_6_9.html
    resources: tmpdir=/tmp

[Thu Jul  4 17:01:14 2024]
Error in rule deconv_analysis:
    jobid: 2
    input: ext_markers_fig4_8.html, bisque_deconv_suppl_file4.html
    output: deconv_analysis_fig2_3fig4_2_3_6_9.html

RuleException:
CalledProcessError in file /data/fass5/projects/aram/current_projects/phd_tests/Chapter 4/snakemake_pipeline, line 39:
Command 'set -euo pipefail;  Rscript --vanilla -e 'rmarkdown::render("/data/fass5/projects/aram/current_projects/phd_tests/Chapter 4/.snakemake/scripts/tmpangwop8b.deconv_analysis_fig2_3fig4_2_3_6_9.Rmd", output_file="/data/fass5/projects/aram/current_projects/phd_tests/Chapter 4/deconv_analysis_fig2_3fig4_2_3_6_9.html", quiet=TRUE, knit_root_dir = "/data/fass5/projects/aram/current_projects/phd_tests/Chapter 4", params = list(rmd="/data/fass5/projects/aram/current_projects/phd_tests/Chapter 4/.snakemake/scripts/tmpangwop8b.deconv_analysis_fig2_3fig4_2_3_6_9.Rmd"))'' returned non-zero exit status 1.
  File "/data/fass5/projects/aram/current_projects/phd_tests/Chapter 4/snakemake_pipeline", line 39, in __rule_deconv_analysis
  File "/home/si48met/miniconda3/envs/cfdeconv_lc/lib/python3.10/concurrent/futures/thread.py", line 58, in run
Shutting down, this might take some time.
Exiting because a job execution failed. Look above for error message
Complete log: .snakemake/log/2024-07-04T170050.604459.snakemake.log
