Building DAG of jobs...
Using shell: /usr/bin/bash
Provided cores: 15
Rules claiming more threads will be scaled down.
Job stats:
job                count
---------------  -------
all                    1
bio_insights           1
cfrna_deconv           1
conf_factors           1
deconv_analysis        1
gene_markers           1
suppl_files            1
total                  7

Select jobs to execute...

[Thu Jul  4 15:41:20 2024]
rule cfrna_deconv:
    input: cfdata_preprocess_fig2_1.html
    output: bisque_deconv_suppl_file4.html
    jobid: 4
    reason: Missing output files: bisque_deconv_suppl_file4.html
    resources: tmpdir=/tmp

[Thu Jul  4 15:48:58 2024]
Error in rule cfrna_deconv:
    jobid: 4
    input: cfdata_preprocess_fig2_1.html
    output: bisque_deconv_suppl_file4.html

RuleException:
CalledProcessError in file /data/fass5/projects/aram/current_projects/phd_tests/Chapter 4/snakemake_pipeline, line 22:
Command 'set -euo pipefail;  Rscript --vanilla -e 'rmarkdown::render("/data/fass5/projects/aram/current_projects/phd_tests/Chapter 4/.snakemake/scripts/tmp_l4trc4z.bisque_deconv_suppl_file4.Rmd", output_file="/data/fass5/projects/aram/current_projects/phd_tests/Chapter 4/bisque_deconv_suppl_file4.html", quiet=TRUE, knit_root_dir = "/data/fass5/projects/aram/current_projects/phd_tests/Chapter 4", params = list(rmd="/data/fass5/projects/aram/current_projects/phd_tests/Chapter 4/.snakemake/scripts/tmp_l4trc4z.bisque_deconv_suppl_file4.Rmd"))'' returned non-zero exit status 1.
  File "/data/fass5/projects/aram/current_projects/phd_tests/Chapter 4/snakemake_pipeline", line 22, in __rule_cfrna_deconv
  File "/home/si48met/miniconda3/envs/cfdeconv_lc/lib/python3.10/concurrent/futures/thread.py", line 58, in run
Shutting down, this might take some time.
Exiting because a job execution failed. Look above for error message
Complete log: .snakemake/log/2024-07-04T154118.655467.snakemake.log
