Building DAG of jobs...
Using shell: /usr/bin/bash
Provided cores: 15
Rules claiming more threads will be scaled down.
Job stats:
job                count
---------------  -------
all                    1
bio_insights           1
conf_factors           1
deconv_analysis        1
suppl_files            1
total                  5

Select jobs to execute...

[Thu Jul  4 20:40:47 2024]
rule deconv_analysis:
    input: ext_markers_fig4_8.html, bisque_deconv_suppl_file4.html
    output: deconv_analysis_fig2_3fig4_2_3_6_9.html
    jobid: 2
    reason: Missing output files: deconv_analysis_fig2_3fig4_2_3_6_9.html
    resources: tmpdir=/tmp

[Thu Jul  4 20:43:42 2024]
Finished job 2.
1 of 5 steps (20%) done
Select jobs to execute...

[Thu Jul  4 20:43:42 2024]
rule conf_factors:
    input: deconv_analysis_fig2_3fig4_2_3_6_9.html
    output: conf_factors_fig4_7.html
    jobid: 6
    reason: Input files updated by another job: deconv_analysis_fig2_3fig4_2_3_6_9.html
    resources: tmpdir=/tmp

[Thu Jul  4 20:43:42 2024]
rule bio_insights:
    input: deconv_analysis_fig2_3fig4_2_3_6_9.html
    output: bio_insights_fig4_4_5.html
    jobid: 7
    reason: Input files updated by another job: deconv_analysis_fig2_3fig4_2_3_6_9.html
    resources: tmpdir=/tmp

[Thu Jul  4 20:44:03 2024]
Finished job 7.
2 of 5 steps (40%) done
[Thu Jul  4 20:44:07 2024]
Finished job 6.
3 of 5 steps (60%) done
Select jobs to execute...

[Thu Jul  4 20:44:07 2024]
rule suppl_files:
    input: deconv_analysis_fig2_3fig4_2_3_6_9.html, conf_factors_fig4_7.html, bio_insights_fig4_4_5.html
    output: suppl_files1_4_5.html
    jobid: 1
    reason: Missing output files: suppl_files1_4_5.html; Input files updated by another job: conf_factors_fig4_7.html, deconv_analysis_fig2_3fig4_2_3_6_9.html, bio_insights_fig4_4_5.html
    resources: tmpdir=/tmp

[Thu Jul  4 20:44:16 2024]
Finished job 1.
4 of 5 steps (80%) done
Select jobs to execute...

[Thu Jul  4 20:44:16 2024]
localrule all:
    input: suppl_files1_4_5.html, conf_factors_fig4_7.html, bio_insights_fig4_4_5.html
    jobid: 0
    reason: Input files updated by another job: conf_factors_fig4_7.html, suppl_files1_4_5.html, bio_insights_fig4_4_5.html
    resources: tmpdir=/tmp

[Thu Jul  4 20:44:16 2024]
Finished job 0.
5 of 5 steps (100%) done
Complete log: .snakemake/log/2024-07-04T204043.685610.snakemake.log
