Building DAG of jobs...
Using shell: /usr/bin/bash
Provided cores: 30
Rules claiming more threads will be scaled down.
Job stats:
job                  count
-----------------  -------
all                      1
cell_interactions        1
lri_detection            1
panel                    1
total                    4

Select jobs to execute...

[Sat Jul  6 09:44:14 2024]
rule lri_detection:
    output: lri_detection_fig5_1_suppl_fil7.html
    jobid: 3
    reason: Missing output files: lri_detection_fig5_1_suppl_fil7.html
    threads: 30
    resources: tmpdir=/tmp

[Sat Jul  6 09:45:32 2024]
Finished job 3.
1 of 4 steps (25%) done
Select jobs to execute...

[Sat Jul  6 09:45:32 2024]
rule panel:
    input: lri_detection_fig5_1_suppl_fil7.html
    output: panel_figs5_2_3_supplfile8.html
    jobid: 2
    reason: Missing output files: panel_figs5_2_3_supplfile8.html; Input files updated by another job: lri_detection_fig5_1_suppl_fil7.html
    resources: tmpdir=/tmp

[Sat Jul  6 09:45:53 2024]
Error in rule panel:
    jobid: 2
    input: lri_detection_fig5_1_suppl_fil7.html
    output: panel_figs5_2_3_supplfile8.html

RuleException:
CalledProcessError in file /data/fass5/projects/aram/current_projects/phd_tests/Chapter 5/snakemake_pipeline, line 21:
Command 'set -euo pipefail;  Rscript --vanilla -e 'rmarkdown::render("/data/fass5/projects/aram/current_projects/phd_tests/Chapter 5/.snakemake/scripts/tmp3sv3xcs2.panel_figs5_2_3_supplfile8.Rmd", output_file="/data/fass5/projects/aram/current_projects/phd_tests/Chapter 5/panel_figs5_2_3_supplfile8.html", quiet=TRUE, knit_root_dir = "/data/fass5/projects/aram/current_projects/phd_tests/Chapter 5", params = list(rmd="/data/fass5/projects/aram/current_projects/phd_tests/Chapter 5/.snakemake/scripts/tmp3sv3xcs2.panel_figs5_2_3_supplfile8.Rmd"))'' returned non-zero exit status 1.
  File "/data/fass5/projects/aram/current_projects/phd_tests/Chapter 5/snakemake_pipeline", line 21, in __rule_panel
  File "/home/si48met/miniconda3/envs/cflri_lc/lib/python3.9/concurrent/futures/thread.py", line 58, in run
Shutting down, this might take some time.
Exiting because a job execution failed. Look above for error message
Complete log: .snakemake/log/2024-07-06T094413.288218.snakemake.log
