Building DAG of jobs...
Using shell: /usr/bin/bash
Provided cores: 30
Rules claiming more threads will be scaled down.
Job stats:
job                  count
-----------------  -------
all                      1
cell_interactions        1
lri_detection            1
panel                    1
total                    4

Select jobs to execute...

[Sat Jul  6 10:13:59 2024]
rule lri_detection:
    output: lri_detection_fig5_1_suppl_fil7.html
    jobid: 3
    reason: Code has changed since last execution
    threads: 30
    resources: tmpdir=/tmp

[Sat Jul  6 10:15:14 2024]
Finished job 3.
1 of 4 steps (25%) done
Select jobs to execute...

[Sat Jul  6 10:15:14 2024]
rule panel:
    input: lri_detection_fig5_1_suppl_fil7.html
    output: panel_figs5_2_3_supplfile8.html
    jobid: 2
    reason: Input files updated by another job: lri_detection_fig5_1_suppl_fil7.html
    resources: tmpdir=/tmp

[Sat Jul  6 10:15:57 2024]
Finished job 2.
2 of 4 steps (50%) done
Select jobs to execute...

[Sat Jul  6 10:15:57 2024]
rule cell_interactions:
    input: panel_figs5_2_3_supplfile8.html
    output: cell_interactions_fig5_4_supplfile_9.html
    jobid: 1
    reason: Input files updated by another job: panel_figs5_2_3_supplfile8.html
    resources: tmpdir=/tmp

[Sat Jul  6 10:16:24 2024]
Finished job 1.
3 of 4 steps (75%) done
Select jobs to execute...

[Sat Jul  6 10:16:24 2024]
localrule all:
    input: cell_interactions_fig5_4_supplfile_9.html, lri_detection_fig5_1_suppl_fil7.html
    jobid: 0
    reason: Input files updated by another job: lri_detection_fig5_1_suppl_fil7.html, cell_interactions_fig5_4_supplfile_9.html
    resources: tmpdir=/tmp

[Sat Jul  6 10:16:24 2024]
Finished job 0.
4 of 4 steps (100%) done
Complete log: .snakemake/log/2024-07-06T101358.900815.snakemake.log
