Building DAG of jobs...
Using shell: /usr/bin/bash
Provided cores: 30
Rules claiming more threads will be scaled down.
Job stats:
job                  count
-----------------  -------
all                      1
cell_interactions        1
total                    2

Select jobs to execute...

[Sat Jul  6 10:01:03 2024]
rule cell_interactions:
    input: panel_figs5_2_3_supplfile8.html
    output: cell_interactions_fig5_4_supplfile_9.html
    jobid: 1
    reason: Missing output files: cell_interactions_fig5_4_supplfile_9.html
    resources: tmpdir=/tmp

[Sat Jul  6 10:01:30 2024]
Finished job 1.
1 of 2 steps (50%) done
Select jobs to execute...

[Sat Jul  6 10:01:30 2024]
localrule all:
    input: cell_interactions_fig5_4_supplfile_9.html
    jobid: 0
    reason: Input files updated by another job: cell_interactions_fig5_4_supplfile_9.html
    resources: tmpdir=/tmp

[Sat Jul  6 10:01:30 2024]
Finished job 0.
2 of 2 steps (100%) done
Complete log: .snakemake/log/2024-07-06T100101.689931.snakemake.log
