Building DAG of jobs...
Using shell: /usr/bin/bash
Provided cores: 20
Rules claiming more threads will be scaled down.
Job stats:
job         count
--------  -------
all             1
fig3_3_7        1
fig3_8          1
total           3

Select jobs to execute...
Failed to solve scheduling problem with ILP solver. Falling back to greedy solver. Run Snakemake with --verbose to see the full solver output for debugging the problem.

[Sat Jul  6 12:34:55 2024]
rule fig3_8:
    input: markdown_results/cf_wgcna_suppl_file2.html, markdown_results/exo_wgcna_suppl_file3.html
    output: markdown_results/fig3_8.html
    jobid: 7
    reason: Missing output files: markdown_results/fig3_8.html
    threads: 20
    resources: tmpdir=/tmp

[Sat Jul  6 12:56:34 2024]
Finished job 7.
1 of 3 steps (33%) done
Select jobs to execute...

[Sat Jul  6 12:56:34 2024]
rule fig3_3_7:
    input: markdown_results/cfrna_input_clean.html
    output: markdown_results/fig3_3_7.html
    jobid: 1
    reason: Missing output files: markdown_results/fig3_3_7.html
    resources: tmpdir=/tmp

[Sat Jul  6 12:56:53 2024]
Finished job 1.
2 of 3 steps (67%) done
Select jobs to execute...

[Sat Jul  6 12:56:53 2024]
localrule all:
    input: markdown_results/fig3_3_7.html, markdown_results/fig3_4_5_10_12.html, markdown_results/fig3_8.html, markdown_results/fig3_9_11.html, markdown_results/fig3_2.html
    jobid: 0
    reason: Input files updated by another job: markdown_results/fig3_8.html, markdown_results/fig3_3_7.html
    resources: tmpdir=/tmp

[Sat Jul  6 12:56:53 2024]
Finished job 0.
3 of 3 steps (100%) done
Complete log: .snakemake/log/2024-07-06T123454.154145.snakemake.log
