Building DAG of jobs...
Using shell: /usr/bin/bash
Provided cores: 15
Rules claiming more threads will be scaled down.
Job stats:
job          count
---------  -------
all              1
fig3_9_11        1
total            2

Resources before job selection: {'_cores': 15, '_nodes': 9223372036854775807}
Ready jobs (1)
Select jobs to execute...
Using greedy selector because only single job has to be scheduled.
Selected jobs (1)
Resources after job selection: {'_cores': 14, '_nodes': 9223372036854775806}

[Thu Jul  4 09:25:17 2024]
rule fig3_9_11:
    input: markdown_results/cf_wgcna_suppl_file2.html, markdown_results/exo_wgcna_suppl_file3.html, markdown_results/mp_sc.html
    output: markdown_results/fig3_9_11.html
    jobid: 8
    reason: Missing output files: markdown_results/fig3_9_11.html
    resources: tmpdir=/tmp

[Thu Jul  4 09:25:39 2024]
Finished job 8.
1 of 2 steps (50%) done
Resources before job selection: {'_cores': 15, '_nodes': 9223372036854775807}
Ready jobs (1)
Select jobs to execute...
Using greedy selector because only single job has to be scheduled.
Selected jobs (1)
Resources after job selection: {'_cores': 14, '_nodes': 9223372036854775806}

[Thu Jul  4 09:25:39 2024]
localrule all:
    input: markdown_results/fig3_3_7.html, markdown_results/fig3_4_5_10_12.html, markdown_results/fig3_8.html, markdown_results/fig3_9_11.html, markdown_results/fig3_2.html
    jobid: 0
    reason: Input files updated by another job: markdown_results/fig3_9_11.html
    resources: tmpdir=/tmp

[Thu Jul  4 09:25:39 2024]
Finished job 0.
2 of 2 steps (100%) done
Complete log: .snakemake/log/2024-07-04T092516.004522.snakemake.log
unlocking
removing lock
removing lock
removed all locks
